<?xml version="1.0" encoding="UTF-8"?>
<!-- Generated by org.testng.reporters.JUnitXMLReporter -->
<testsuite ignored="0" hostname="PUN-NB-LE1HJCN" failures="1" tests="2" name="Surefire test" time="8.337" errors="0" timestamp="2021-05-09T18:28:38 IST">
  <testcase classname="ToolsQA.Demo.CreateBookingTests" name="CreateBooking_VerifyCreatedSuccessfully" time="3.636">
    <failure type="java.lang.AssertionError" message="expected:&amp;lt;null&amp;gt; but was:&amp;lt;Rafael&amp;gt;">
      <![CDATA[java.lang.AssertionError: expected:<null> but was:<Rafael>
at org.junit.Assert.fail(Assert.java:88)
at org.junit.Assert.failNotEquals(Assert.java:743)
at org.junit.Assert.assertEquals(Assert.java:118)
at org.junit.Assert.assertEquals(Assert.java:144)
at ToolsQA.Demo.CreateBookingTests.CreateBooking_VerifyCreatedSuccessfully(CreateBookingTests.java:34)
at java.base/java.util.ArrayList.forEach(ArrayList.java:1511)
... Removed 32 stack frames]]>
    </failure>
  </testcase> <!-- CreateBooking_VerifyCreatedSuccessfully -->
  <testcase classname="ToolsQA.Demo.UpdateBookingTests" name="UpdateBooking_VerifyUpdatedSuccessfully" time="4.655"/>
</testsuite> <!-- Surefire test -->
