<?xml version="1.0" encoding="UTF-8"?>
<testng-results ignored="0" total="2" passed="1" failed="1" skipped="0">
  <reporter-output>
  </reporter-output>
  <suite started-at="2021-05-09T18:28:29 IST" name="Surefire suite" finished-at="2021-05-09T18:28:38 IST" duration-ms="8337">
    <groups>
    </groups>
    <test started-at="2021-05-09T18:28:29 IST" name="Surefire test" finished-at="2021-05-09T18:28:38 IST" duration-ms="8337">
      <class name="ToolsQA.Demo.UpdateBookingTests">
        <test-method signature="UpdateBooking_VerifyUpdatedSuccessfully()[pri:0, instance:ToolsQA.Demo.UpdateBookingTests@a1153bc]" started-at="2021-05-09T18:28:33 IST" name="UpdateBooking_VerifyUpdatedSuccessfully" finished-at="2021-05-09T18:28:38 IST" duration-ms="4655" status="PASS">
          <reporter-output>
          </reporter-output>
        </test-method> <!-- UpdateBooking_VerifyUpdatedSuccessfully -->
      </class> <!-- ToolsQA.Demo.UpdateBookingTests -->
      <class name="ToolsQA.Demo.CreateBookingTests">
        <test-method signature="CreateBooking_VerifyCreatedSuccessfully()[pri:0, instance:ToolsQA.Demo.CreateBookingTests@7b2bbc3]" started-at="2021-05-09T18:28:29 IST" name="CreateBooking_VerifyCreatedSuccessfully" finished-at="2021-05-09T18:28:33 IST" duration-ms="3636" status="FAIL">
          <exception class="java.lang.AssertionError">
            <message>
              <![CDATA[expected:<null> but was:<Rafael>]]>
            </message>
            <full-stacktrace>
              <![CDATA[java.lang.AssertionError: expected:<null> but was:<Rafael>
at org.junit.Assert.fail(Assert.java:88)
at org.junit.Assert.failNotEquals(Assert.java:743)
at org.junit.Assert.assertEquals(Assert.java:118)
at org.junit.Assert.assertEquals(Assert.java:144)
at ToolsQA.Demo.CreateBookingTests.CreateBooking_VerifyCreatedSuccessfully(CreateBookingTests.java:34)
at java.base/jdk.internal.reflect.NativeMethodAccessorImpl.invoke0(Native Method)
at java.base/jdk.internal.reflect.NativeMethodAccessorImpl.invoke(NativeMethodAccessorImpl.java:64)
at java.base/jdk.internal.reflect.DelegatingMethodAccessorImpl.invoke(DelegatingMethodAccessorImpl.java:43)
at java.base/java.lang.reflect.Method.invoke(Method.java:564)
at org.testng.internal.MethodInvocationHelper.invokeMethod(MethodInvocationHelper.java:134)
at org.testng.internal.TestInvoker.invokeMethod(TestInvoker.java:597)
at org.testng.internal.TestInvoker.invokeTestMethod(TestInvoker.java:173)
at org.testng.internal.MethodRunner.runInSequence(MethodRunner.java:46)
at org.testng.internal.TestInvoker$MethodInvocationAgent.invoke(TestInvoker.java:816)
at org.testng.internal.TestInvoker.invokeTestMethods(TestInvoker.java:146)
at org.testng.internal.TestMethodWorker.invokeTestMethods(TestMethodWorker.java:146)
at org.testng.internal.TestMethodWorker.run(TestMethodWorker.java:128)
at java.base/java.util.ArrayList.forEach(ArrayList.java:1511)
at org.testng.TestRunner.privateRun(TestRunner.java:766)
at org.testng.TestRunner.run(TestRunner.java:587)
at org.testng.SuiteRunner.runTest(SuiteRunner.java:384)
at org.testng.SuiteRunner.runSequentially(SuiteRunner.java:378)
at org.testng.SuiteRunner.privateRun(SuiteRunner.java:337)
at org.testng.SuiteRunner.run(SuiteRunner.java:286)
at org.testng.SuiteRunnerWorker.runSuite(SuiteRunnerWorker.java:53)
at org.testng.SuiteRunnerWorker.run(SuiteRunnerWorker.java:96)
at org.testng.TestNG.runSuitesSequentially(TestNG.java:1187)
at org.testng.TestNG.runSuitesLocally(TestNG.java:1109)
at org.testng.TestNG.runSuites(TestNG.java:1039)
at org.testng.TestNG.run(TestNG.java:1007)
at org.apache.maven.surefire.testng.TestNGExecutor.run(TestNGExecutor.java:135)
at org.apache.maven.surefire.testng.TestNGDirectoryTestSuite.executeMulti(TestNGDirectoryTestSuite.java:193)
at org.apache.maven.surefire.testng.TestNGDirectoryTestSuite.execute(TestNGDirectoryTestSuite.java:94)
at org.apache.maven.surefire.testng.TestNGProvider.invoke(TestNGProvider.java:146)
at org.apache.maven.surefire.booter.ForkedBooter.invokeProviderInSameClassLoader(ForkedBooter.java:384)
at org.apache.maven.surefire.booter.ForkedBooter.runSuitesInProcess(ForkedBooter.java:345)
at org.apache.maven.surefire.booter.ForkedBooter.execute(ForkedBooter.java:126)
at org.apache.maven.surefire.booter.ForkedBooter.main(ForkedBooter.java:418)
]]>
            </full-stacktrace>
          </exception> <!-- java.lang.AssertionError -->
          <reporter-output>
          </reporter-output>
        </test-method> <!-- CreateBooking_VerifyCreatedSuccessfully -->
      </class> <!-- ToolsQA.Demo.CreateBookingTests -->
    </test> <!-- Surefire test -->
  </suite> <!-- Surefire suite -->
</testng-results>
